Train on 70000 samples, validate on 20000 samples
Epoch 1/50
69800/70000 [============================>.] - ETA: 0s - loss: 0.7326 - acc: 0.6094Epoch 00000: val_loss improved from inf to 0.07144, saving model to keras_Hct2v2/weights/TrainedModel_PyKeras.h5
70000/70000 [==============================] - 21s - loss: 0.7325 - acc: 0.6094 - val_loss: 0.0714 - val_acc: 0.6559
Epoch 2/50
69800/70000 [============================>.] - ETA: 0s - loss: 0.6243 - acc: 0.6556Epoch 00001: val_loss did not improve
70000/70000 [==============================] - 20s - loss: 0.6243 - acc: 0.6556 - val_loss: 0.0721 - val_acc: 0.6581
Epoch 3/50
69800/70000 [============================>.] - ETA: 0s - loss: 0.6143 - acc: 0.6645Epoch 00002: val_loss did not improve
70000/70000 [==============================] - 20s - loss: 0.6142 - acc: 0.6646 - val_loss: 0.0726 - val_acc: 0.6591
Epoch 4/50
69800/70000 [============================>.] - ETA: 0s - loss: 0.6085 - acc: 0.6682Epoch 00003: val_loss improved from 0.07144 to 0.07112, saving model to keras_Hct2v2/weights/TrainedModel_PyKeras.h5
70000/70000 [==============================] - 20s - loss: 0.6084 - acc: 0.6683 - val_loss: 0.0711 - val_acc: 0.6654
Epoch 5/50
69800/70000 [============================>.] - ETA: 0s - loss: 0.6043 - acc: 0.6722Epoch 00004: val_loss improved from 0.07112 to 0.07035, saving model to keras_Hct2v2/weights/TrainedModel_PyKeras.h5
70000/70000 [==============================] - 20s - loss: 0.6042 - acc: 0.6722 - val_loss: 0.0704 - val_acc: 0.6713
Epoch 6/50
69800/70000 [============================>.] - ETA: 0s - loss: 0.6011 - acc: 0.6756Epoch 00005: val_loss improved from 0.07035 to 0.06981, saving model to keras_Hct2v2/weights/TrainedModel_PyKeras.h5
70000/70000 [==============================] - 20s - loss: 0.6011 - acc: 0.6757 - val_loss: 0.0698 - val_acc: 0.6719
Epoch 7/50
69800/70000 [============================>.] - ETA: 0s - loss: 0.5985 - acc: 0.6783Epoch 00006: val_loss did not improve
70000/70000 [==============================] - 20s - loss: 0.5985 - acc: 0.6783 - val_loss: 0.0702 - val_acc: 0.6705
Epoch 8/50
69800/70000 [============================>.] - ETA: 0s - loss: 0.5962 - acc: 0.6794Epoch 00007: val_loss did not improve
70000/70000 [==============================] - 20s - loss: 0.5961 - acc: 0.6794 - val_loss: 0.0703 - val_acc: 0.6728
Epoch 9/50
69800/70000 [============================>.] - ETA: 0s - loss: 0.5935 - acc: 0.6821Epoch 00008: val_loss improved from 0.06981 to 0.06974, saving model to keras_Hct2v2/weights/TrainedModel_PyKeras.h5
70000/70000 [==============================] - 20s - loss: 0.5935 - acc: 0.6821 - val_loss: 0.0697 - val_acc: 0.6730
Epoch 10/50
69800/70000 [============================>.] - ETA: 0s - loss: 0.5918 - acc: 0.6834Epoch 00009: val_loss improved from 0.06974 to 0.06941, saving model to keras_Hct2v2/weights/TrainedModel_PyKeras.h5
70000/70000 [==============================] - 20s - loss: 0.5919 - acc: 0.6832 - val_loss: 0.0694 - val_acc: 0.6720
Epoch 11/50
69800/70000 [============================>.] - ETA: 0s - loss: 0.5903 - acc: 0.6855Epoch 00010: val_loss improved from 0.06941 to 0.06936, saving model to keras_Hct2v2/weights/TrainedModel_PyKeras.h5
70000/70000 [==============================] - 20s - loss: 0.5905 - acc: 0.6851 - val_loss: 0.0694 - val_acc: 0.6748
Epoch 12/50
69800/70000 [============================>.] - ETA: 0s - loss: 0.5897 - acc: 0.6857Epoch 00011: val_loss did not improve
70000/70000 [==============================] - 20s - loss: 0.5897 - acc: 0.6856 - val_loss: 0.0698 - val_acc: 0.6737
Epoch 13/50
69800/70000 [============================>.] - ETA: 0s - loss: 0.5878 - acc: 0.6871Epoch 00012: val_loss did not improve
70000/70000 [==============================] - 20s - loss: 0.5877 - acc: 0.6873 - val_loss: 0.0695 - val_acc: 0.6734
Epoch 14/50
69800/70000 [============================>.] - ETA: 0s - loss: 0.5859 - acc: 0.6883Epoch 00013: val_loss did not improve
70000/70000 [==============================] - 20s - loss: 0.5858 - acc: 0.6883 - val_loss: 0.0699 - val_acc: 0.6748
Epoch 15/50
69800/70000 [============================>.] - ETA: 0s - loss: 0.5846 - acc: 0.6909Epoch 00014: val_loss improved from 0.06936 to 0.06932, saving model to keras_Hct2v2/weights/TrainedModel_PyKeras.h5
70000/70000 [==============================] - 20s - loss: 0.5846 - acc: 0.6908 - val_loss: 0.0693 - val_acc: 0.6762
Epoch 16/50
69800/70000 [============================>.] - ETA: 0s - loss: 0.5831 - acc: 0.6907Epoch 00015: val_loss improved from 0.06932 to 0.06885, saving model to keras_Hct2v2/weights/TrainedModel_PyKeras.h5
70000/70000 [==============================] - 20s - loss: 0.5832 - acc: 0.6905 - val_loss: 0.0688 - val_acc: 0.6749
Epoch 17/50
69800/70000 [============================>.] - ETA: 0s - loss: 0.5827 - acc: 0.6914Epoch 00016: val_loss did not improve
70000/70000 [==============================] - 20s - loss: 0.5827 - acc: 0.6915 - val_loss: 0.0693 - val_acc: 0.6738
Epoch 18/50
69800/70000 [============================>.] - ETA: 0s - loss: 0.5819 - acc: 0.6914Epoch 00017: val_loss did not improve
70000/70000 [==============================] - 20s - loss: 0.5819 - acc: 0.6915 - val_loss: 0.0698 - val_acc: 0.6748
Epoch 19/50
69800/70000 [============================>.] - ETA: 0s - loss: 0.5815 - acc: 0.6915Epoch 00018: val_loss did not improve
70000/70000 [==============================] - 20s - loss: 0.5815 - acc: 0.6915 - val_loss: 0.0697 - val_acc: 0.6747
Epoch 20/50
69800/70000 [============================>.] - ETA: 0s - loss: 0.5808 - acc: 0.6940Epoch 00019: val_loss did not improve
70000/70000 [==============================] - 20s - loss: 0.5808 - acc: 0.6939 - val_loss: 0.0700 - val_acc: 0.6749
Epoch 21/50
69800/70000 [============================>.] - ETA: 0s - loss: 0.5786 - acc: 0.6933Epoch 00020: val_loss improved from 0.06885 to 0.06870, saving model to keras_Hct2v2/weights/TrainedModel_PyKeras.h5
70000/70000 [==============================] - 20s - loss: 0.5785 - acc: 0.6934 - val_loss: 0.0687 - val_acc: 0.6746
Epoch 22/50
69800/70000 [============================>.] - ETA: 0s - loss: 0.5766 - acc: 0.6951Epoch 00021: val_loss did not improve
70000/70000 [==============================] - 20s - loss: 0.5767 - acc: 0.6950 - val_loss: 0.0693 - val_acc: 0.6765
Epoch 23/50
69800/70000 [============================>.] - ETA: 0s - loss: 0.5757 - acc: 0.6947Epoch 00022: val_loss did not improve
70000/70000 [==============================] - 20s - loss: 0.5758 - acc: 0.6946 - val_loss: 0.0699 - val_acc: 0.6739
Epoch 24/50
69800/70000 [============================>.] - ETA: 0s - loss: 0.5757 - acc: 0.6944Epoch 00023: val_loss did not improve
70000/70000 [==============================] - 20s - loss: 0.5755 - acc: 0.6945 - val_loss: 0.0695 - val_acc: 0.6747
Epoch 25/50
69800/70000 [============================>.] - ETA: 0s - loss: 0.5761 - acc: 0.6961Epoch 00024: val_loss did not improve
70000/70000 [==============================] - 20s - loss: 0.5761 - acc: 0.6961 - val_loss: 0.0692 - val_acc: 0.6742
Epoch 26/50
69800/70000 [============================>.] - ETA: 0s - loss: 0.5735 - acc: 0.6965Epoch 00025: val_loss did not improve
70000/70000 [==============================] - 20s - loss: 0.5735 - acc: 0.6966 - val_loss: 0.0693 - val_acc: 0.6730
Epoch 27/50
69800/70000 [============================>.] - ETA: 0s - loss: 0.5735 - acc: 0.6973Epoch 00026: val_loss did not improve
70000/70000 [==============================] - 20s - loss: 0.5735 - acc: 0.6973 - val_loss: 0.0695 - val_acc: 0.6752
Epoch 28/50
69800/70000 [============================>.] - ETA: 0s - loss: 0.5732 - acc: 0.6971Epoch 00027: val_loss did not improve
70000/70000 [==============================] - 20s - loss: 0.5732 - acc: 0.6971 - val_loss: 0.0691 - val_acc: 0.6753
Epoch 29/50
69800/70000 [============================>.] - ETA: 0s - loss: 0.5718 - acc: 0.7012Epoch 00028: val_loss did not improve
70000/70000 [==============================] - 20s - loss: 0.5719 - acc: 0.7012 - val_loss: 0.0691 - val_acc: 0.6759
Epoch 30/50
69800/70000 [============================>.] - ETA: 0s - loss: 0.5714 - acc: 0.6978Epoch 00029: val_loss did not improve
70000/70000 [==============================] - 20s - loss: 0.5713 - acc: 0.6979 - val_loss: 0.0697 - val_acc: 0.6745
Epoch 31/50
69800/70000 [============================>.] - ETA: 0s - loss: 0.5703 - acc: 0.7006Epoch 00030: val_loss did not improve
70000/70000 [==============================] - 20s - loss: 0.5703 - acc: 0.7007 - val_loss: 0.0694 - val_acc: 0.6746
Epoch 32/50
69800/70000 [============================>.] - ETA: 0s - loss: 0.5710 - acc: 0.7016Epoch 00031: val_loss did not improve
70000/70000 [==============================] - 20s - loss: 0.5711 - acc: 0.7015 - val_loss: 0.0692 - val_acc: 0.6747
Epoch 33/50
69800/70000 [============================>.] - ETA: 0s - loss: 0.5706 - acc: 0.6998Epoch 00032: val_loss did not improve
70000/70000 [==============================] - 20s - loss: 0.5707 - acc: 0.6998 - val_loss: 0.0691 - val_acc: 0.6748
Epoch 34/50
69800/70000 [============================>.] - ETA: 0s - loss: 0.5697 - acc: 0.7000Epoch 00033: val_loss did not improve
70000/70000 [==============================] - 20s - loss: 0.5697 - acc: 0.7000 - val_loss: 0.0691 - val_acc: 0.6748
Epoch 35/50
69800/70000 [============================>.] - ETA: 0s - loss: 0.5685 - acc: 0.7027Epoch 00034: val_loss did not improve
70000/70000 [==============================] - 20s - loss: 0.5685 - acc: 0.7028 - val_loss: 0.0692 - val_acc: 0.6746
Epoch 36/50
69800/70000 [============================>.] - ETA: 0s - loss: 0.5668 - acc: 0.7034Epoch 00035: val_loss did not improve
70000/70000 [==============================] - 20s - loss: 0.5669 - acc: 0.7034 - val_loss: 0.0695 - val_acc: 0.6770
Epoch 37/50
69800/70000 [============================>.] - ETA: 0s - loss: 0.5674 - acc: 0.7019Epoch 00036: val_loss did not improve
70000/70000 [==============================] - 20s - loss: 0.5675 - acc: 0.7019 - val_loss: 0.0695 - val_acc: 0.6755
Epoch 38/50
69800/70000 [============================>.] - ETA: 0s - loss: 0.5673 - acc: 0.7026Epoch 00037: val_loss did not improve
70000/70000 [==============================] - 20s - loss: 0.5673 - acc: 0.7025 - val_loss: 0.0693 - val_acc: 0.6762
Epoch 39/50
69800/70000 [============================>.] - ETA: 0s - loss: 0.5673 - acc: 0.7022Epoch 00038: val_loss did not improve
70000/70000 [==============================] - 20s - loss: 0.5673 - acc: 0.7023 - val_loss: 0.0695 - val_acc: 0.6765
Epoch 40/50
69800/70000 [============================>.] - ETA: 0s - loss: 0.5667 - acc: 0.7016Epoch 00039: val_loss did not improve
70000/70000 [==============================] - 20s - loss: 0.5666 - acc: 0.7018 - val_loss: 0.0693 - val_acc: 0.6761
Epoch 41/50
69800/70000 [============================>.] - ETA: 0s - loss: 0.5673 - acc: 0.7024Epoch 00040: val_loss did not improve
70000/70000 [==============================] - 20s - loss: 0.5673 - acc: 0.7023 - val_loss: 0.0689 - val_acc: 0.6772
Epoch 42/50
69800/70000 [============================>.] - ETA: 0s - loss: 0.5668 - acc: 0.7021Epoch 00041: val_loss did not improve
70000/70000 [==============================] - 20s - loss: 0.5667 - acc: 0.7022 - val_loss: 0.0693 - val_acc: 0.6748
Epoch 43/50
69800/70000 [============================>.] - ETA: 0s - loss: 0.5655 - acc: 0.7054Epoch 00042: val_loss did not improve
70000/70000 [==============================] - 20s - loss: 0.5655 - acc: 0.7054 - val_loss: 0.0693 - val_acc: 0.6744
Epoch 44/50
69800/70000 [============================>.] - ETA: 0s - loss: 0.5657 - acc: 0.7028Epoch 00043: val_loss did not improve
70000/70000 [==============================] - 20s - loss: 0.5657 - acc: 0.7026 - val_loss: 0.0693 - val_acc: 0.6751
Epoch 45/50
69800/70000 [============================>.] - ETA: 0s - loss: 0.5658 - acc: 0.7048Epoch 00044: val_loss did not improve
70000/70000 [==============================] - 20s - loss: 0.5658 - acc: 0.7049 - val_loss: 0.0694 - val_acc: 0.6746
Epoch 46/50
69800/70000 [============================>.] - ETA: 0s - loss: 0.5653 - acc: 0.7050Epoch 00045: val_loss did not improve
70000/70000 [==============================] - 20s - loss: 0.5652 - acc: 0.7050 - val_loss: 0.0694 - val_acc: 0.6751
Epoch 47/50
69800/70000 [============================>.] - ETA: 0s - loss: 0.5629 - acc: 0.7054Epoch 00046: val_loss did not improve
70000/70000 [==============================] - 20s - loss: 0.5630 - acc: 0.7053 - val_loss: 0.0692 - val_acc: 0.6746
Epoch 48/50
69800/70000 [============================>.] - ETA: 0s - loss: 0.5629 - acc: 0.7079Epoch 00047: val_loss did not improve
70000/70000 [==============================] - 20s - loss: 0.5629 - acc: 0.7078 - val_loss: 0.0691 - val_acc: 0.6748
Epoch 49/50
69800/70000 [============================>.] - ETA: 0s - loss: 0.5637 - acc: 0.7058Epoch 00048: val_loss did not improve
70000/70000 [==============================] - 20s - loss: 0.5638 - acc: 0.7057 - val_loss: 0.0699 - val_acc: 0.6750
Epoch 50/50
69800/70000 [============================>.] - ETA: 0s - loss: 0.5628 - acc: 0.7043Epoch 00049: val_loss did not improve
70000/70000 [==============================] - 20s - loss: 0.5628 - acc: 0.7042 - val_loss: 0.0694 - val_acc: 0.6743
                         : Elapsed time for training with 70000 events: 1.03e+03 sec         
                         : Creating xml weight file: keras_Hct2v2/weights/TMVAClassification_PyKeras.weights.xml
                         : Creating standalone class: keras_Hct2v2/weights/TMVAClassification_PyKeras.class.C
Factory                  : Training finished
                         : 
                         : Ranking input variables (method specific)...
BDT                      : Ranking result (top variable is best ranked)
                         : -------------------------------------------------
                         : Rank : Variable        : Variable Importance
                         : -------------------------------------------------
                         :    1 : DRjet2cvsb      : 2.147e-02
                         :    2 : DRjet3cvsl      : 2.049e-02
                         :    3 : DRjet0cvsl      : 2.023e-02
                         :    4 : DRjet0cvsb      : 1.940e-02
                         :    5 : DRjet2csv       : 1.886e-02
                         :    6 : DRjet12m        : 1.858e-02
                         :    7 : DRjet23m        : 1.839e-02
                         :    8 : DRjet3csv       : 1.826e-02
                         :    9 : DRjet3cvsb      : 1.661e-02
                         :   10 : DRjet31m        : 1.622e-02
                         :   11 : DRlepTm         : 1.622e-02
                         :   12 : DRjet2cvsl      : 1.604e-02
                         :   13 : bjetmDR         : 1.574e-02
                         :   14 : dibjetsMass     : 1.528e-02
                         :   15 : jet3eta         : 1.518e-02
                         :   16 : DRjet0csv       : 1.513e-02
                         :   17 : jet3cvsb        : 1.510e-02
                         :   18 : DRjet12DR       : 1.503e-02
                         :   19 : DRjet3m         : 1.476e-02
                         :   20 : lepDPhi         : 1.470e-02
                         :   21 : DRjet0eta       : 1.446e-02
                         :   22 : DRjet1cvsb      : 1.440e-02
                         :   23 : jet4cvsb        : 1.425e-02
                         :   24 : DRjet3eta       : 1.417e-02
                         :   25 : jet2cvsb        : 1.417e-02
                         :   26 : jet1eta         : 1.392e-02
                         :   27 : jet1cvsl        : 1.389e-02
                         :   28 : bjetmDEta       : 1.384e-02
                         :   29 : bjetmDPhi       : 1.376e-02
                         :   30 : jet1cvsb        : 1.373e-02
                         :   31 : DRjet1eta       : 1.358e-02
                         :   32 : njets           : 1.350e-02
                         :   33 : DRjet2eta       : 1.348e-02
                         :   34 : jet3cvsl        : 1.343e-02
                         :   35 : jet2eta         : 1.319e-02
                         :   36 : jet4csv         : 1.307e-02
                         :   37 : jet2cvsl        : 1.300e-02
                         :   38 : DRjet1cvsl      : 1.293e-02
                         :   39 : DRjet1csv       : 1.293e-02
                         :   40 : DRhadTm         : 1.285e-02
                         :   41 : nbjets_m        : 1.244e-02
                         :   42 : jet4eta         : 1.231e-02
                         :   43 : jet3csv         : 1.227e-02
                         :   44 : DRjet0m         : 1.218e-02
                         :   45 : DRlepWeta       : 1.209e-02
                         :   46 : jet4cvsl        : 1.207e-02
                         :   47 : jet4pt          : 1.204e-02
                         :   48 : DRlepWm         : 1.177e-02
                         :   49 : DRlepTeta       : 1.166e-02
                         :   50 : jet2csv         : 1.149e-02
                         :   51 : DRlepTpt        : 1.141e-02
                         :   52 : DRjet2m         : 1.121e-02
                         :   53 : DRjet1m         : 1.121e-02
                         :   54 : jet1csv         : 1.116e-02
                         :   55 : DRjet23pt       : 1.098e-02
                         :   56 : DRjet3pt        : 1.092e-02
                         :   57 : DRjet12eta      : 1.059e-02
                         :   58 : DRjet31pt       : 1.058e-02
                         :   59 : bjetPt_dibjetsm : 1.015e-02
                         :   60 : DRlepWpt        : 9.948e-03
                         :   61 : missingET       : 9.811e-03
                         :   62 : cjetPt          : 9.805e-03
                         :   63 : DRjet12pt       : 9.666e-03
                         :   64 : jet1pt          : 9.607e-03
                         :   65 : jet3m           : 9.442e-03
                         :   66 : DRhadTpt        : 9.350e-03
                         :   67 : DRjet0pt        : 9.340e-03
                         :   68 : jet3pt          : 9.182e-03
                         :   69 : ncjets_m        : 9.124e-03
                         :   70 : DRjet23eta      : 9.037e-03
                         :   71 : jet2m           : 8.686e-03
                         :   72 : DRhadTeta       : 8.404e-03
                         :   73 : jet2pt          : 8.229e-03
                         :   74 : DRjet1pt        : 8.083e-03
                         :   75 : jet4m           : 7.950e-03
                         :   76 : DRjet2pt        : 7.659e-03
                         :   77 : jet1m           : 7.635e-03
                         :   78 : DRjet31eta      : 6.271e-03
                         : -------------------------------------------------
                         : No variable ranking supplied by classifier: PyKeras
Factory                  : === Destroy and recreate all methods via weight files for testing ===
                         : 
Factory                  : Test all methods
Factory                  : Test method: BDT for Classification performance
                         : 
BDT                      : [keras_Hct2v2] : Evaluation of BDT on testing sample (20000 events)
                         : Elapsed time for evaluation of 20000 events: 1.13 sec       
Factory                  : Test method: PyKeras for Classification performance
                         : 
                         : Load model from file: keras_Hct2v2/weights/TrainedModel_PyKeras.h5
Factory                  : Evaluate all methods
Factory                  : Evaluate classifier: BDT
                         : 
BDT                      : [keras_Hct2v2] : Loop over test events and fill histograms with classifier response...
                         : 
TFHandler_BDT            :        Variable               Mean               RMS       [        Min               Max ]
                         : ----------------------------------------------------------------------------------------------
                         :           njets:           4.9460           1.1103   [           4.0000           12.000 ]
                         :        nbjets_m:           3.0821          0.28662   [           3.0000           6.0000 ]
                         :        ncjets_m:          0.72042          0.80120   [           0.0000           6.0000 ]
                         :         lepDPhi:       -0.0046156           1.6069   [          -3.1414           3.1397 ]
                         :       missingET:           69.422           50.539   [          0.20591           652.79 ]
                         :         bjetmDR:           1.3356          0.52794   [          0.39663           3.3751 ]
                         :       bjetmDEta:         0.012835          0.91999   [          -3.1577           3.2662 ]
                         :       bjetmDPhi:         0.022474           1.1025   [          -3.1360           3.1305 ]
                         :     dibjetsMass:           98.987           51.578   [           17.607           1172.7 ]
                         : bjetPt_dibjetsm:           107.12           63.963   [           30.208           844.52 ]
                         :          cjetPt:           89.619           72.084   [           30.003           1240.1 ]
                         :          jet1pt:           143.93           87.344   [           36.619           1240.1 ]
                         :         jet1eta:        0.0078892           1.0571   [          -2.3998           2.3999 ]
                         :           jet1m:           246.38           216.28   [           41.573           2931.1 ]
                         :         jet1csv:          0.76277          0.32301   [         0.048907          0.99963 ]
                         :        jet1cvsl:          0.56458          0.48058   [         -0.70120          0.99613 ]
                         :        jet1cvsb:         -0.28607          0.52369   [         -0.98344          0.84175 ]
                         :          jet2pt:           97.411           51.213   [           31.503           710.41 ]
                         :         jet2eta:        -0.010044           1.0777   [          -2.3985           2.4000 ]
                         :           jet2m:           166.95           127.60   [           32.825           1791.8 ]
                         :         jet2csv:          0.76393          0.32184   [         0.048527          0.99955 ]
                         :        jet2cvsl:          0.58778          0.47584   [         -0.75300          0.99693 ]
                         :        jet2cvsb:         -0.29449          0.52856   [         -0.98373          0.84753 ]
                         :          jet3pt:           69.808           31.805   [           30.183           477.37 ]
                         :         jet3eta:         0.011939           1.0990   [          -2.3977           2.3993 ]
                         :           jet3m:           122.38           88.138   [           31.027           1310.4 ]
                         :         jet3csv:          0.72399          0.33997   [         0.044938           1.0000 ]
                         :        jet3cvsl:          0.53810          0.50435   [         -0.65572          0.99719 ]
                         :        jet3cvsb:         -0.23429          0.53867   [         -0.98280          0.85439 ]
                         :          jet4pt:           51.738           21.273   [           30.001           313.93 ]
                         :         jet4eta:       -0.0025951           1.1315   [          -2.3999           2.3999 ]
                         :           jet4m:           93.560           65.997   [           30.419           1163.0 ]
                         :         jet4csv:          0.69062          0.34470   [         0.050798          0.99956 ]
                         :        jet4cvsl:          0.47659          0.52084   [         -0.76474          0.99675 ]
                         :        jet4cvsb:         -0.17506          0.53615   [         -0.98567          0.84009 ]
                         :        DRlepWpt:           115.64           77.112   [          0.69909           831.43 ]
                         :       DRlepWeta:        0.0043794          0.86966   [          -4.6270           4.6901 ]
                         :         DRlepWm:           94.264           48.959   [          0.62400           487.72 ]
                         :        DRjet0pt:           112.78           85.698   [           30.004           1240.1 ]
                         :       DRjet0eta:         0.010643           1.1687   [          -2.3999           2.4000 ]
                         :         DRjet0m:           15.145           9.9236   [           2.0735           129.02 ]
                         :       DRjet0csv:          0.67570          0.35571   [         0.048527          0.99950 ]
                         :      DRjet0cvsl:          0.44961          0.52322   [         -0.70120          0.99675 ]
                         :      DRjet0cvsb:         -0.17370          0.55159   [         -0.98419          0.84175 ]
                         :        DRjet1pt:           81.168           52.193   [           30.002           844.52 ]
                         :       DRjet1eta:        0.0046999          0.98993   [          -2.3979           2.3988 ]
                         :         DRjet1m:           11.832           6.8980   [           2.4876           171.05 ]
                         :       DRjet1csv:          0.97848         0.028104   [          0.85027           1.0000 ]
                         :      DRjet1cvsl:          0.87829          0.16570   [         -0.44040          0.99693 ]
                         :      DRjet1cvsb:         -0.71992          0.25272   [         -0.98590          0.78888 ]
                         :        DRjet2pt:           81.223           56.496   [           30.000           693.38 ]
                         :       DRjet2eta:        -0.013073           1.0515   [          -2.3994           2.3984 ]
                         :         DRjet2m:           11.975           7.7277   [           2.2844           112.28 ]
                         :       DRjet2csv:          0.93142         0.045266   [          0.84840          0.99943 ]
                         :      DRjet2cvsl:          0.81638          0.22172   [         -0.60097          0.99719 ]
                         :      DRjet2cvsb:         -0.42594          0.34295   [         -0.98302          0.75284 ]
                         :        DRjet3pt:           71.263           48.522   [           30.001           718.96 ]
                         :       DRjet3eta:        0.0021205           1.0873   [          -2.3995           2.3993 ]
                         :         DRjet3m:           10.915           6.6350   [          0.81517           120.73 ]
                         :       DRjet3csv:          0.44946          0.32020   [         0.047345          0.99868 ]
                         :      DRjet3cvsl:          0.14689          0.48797   [         -0.76474          0.99653 ]
                         :      DRjet3cvsb:          0.20998          0.37862   [         -0.97331          0.85439 ]
                         :       DRjet12pt:           136.71           77.972   [           3.1064           857.57 ]
                         :      DRjet12eta:       -0.0057470           1.1426   [          -4.8784           4.9330 ]
                         :        DRjet12m:           107.62           56.994   [           17.607           1172.7 ]
                         :       DRjet12DR:           1.4964          0.61262   [          0.39915           4.0245 ]
                         :       DRjet23pt:           122.68           75.734   [          0.78451           890.16 ]
                         :      DRjet23eta:       -0.0084478           1.2751   [          -5.0996           5.7646 ]
                         :        DRjet23m:           106.36           67.744   [           16.851           1345.9 ]
                         :       DRjet31pt:           121.51           73.878   [          0.64069           831.75 ]
                         :      DRjet31eta:        0.0039146           1.2396   [          -5.2307           6.7048 ]
                         :        DRjet31m:           108.11           64.567   [           17.970           966.44 ]
                         :        DRlepTpt:           162.53           97.428   [           1.0634           1010.3 ]
                         :       DRlepTeta:        0.0076308           1.2158   [          -4.9414           5.9664 ]
                         :         DRlepTm:           252.57           156.71   [           27.131           2012.9 ]
                         :        DRhadTpt:           174.20           94.309   [           3.8167           937.67 ]
                         :       DRhadTeta:       -0.0040500           1.2421   [          -4.4400           4.5573 ]
                         :         DRhadTm:           194.16           91.317   [           33.172           1570.7 ]
                         : ----------------------------------------------------------------------------------------------
                         : 
                         : <PlotVariables> Will not produce scatter plots ==> 
                         : |  The number of 78 input variables and 0 target values would require 3003 two-dimensional
                         : |  histograms, which would occupy the computer's memory. Note that this
                         : |  suppression does not have any consequences for your analysis, other
                         : |  than not disposing of these scatter plots. You can modify the maximum
                         : |  number of input variables allowed to generate scatter plots in your
                         : |  script via the command line:
                         : |  "(TMVA::gConfig().GetVariablePlotting()).fMaxNumOfAllowedVariablesForScatterPlots = <some int>;"
                         : 
                         : Some more output
Factory                  : Evaluate classifier: PyKeras
                         : 
TFHandler_PyKeras        :        Variable               Mean               RMS       [        Min               Max ]
                         : ----------------------------------------------------------------------------------------------
                         :           njets:       -0.0021707          0.98771   [          -3.1180           3.4833 ]
                         :        nbjets_m:        -0.021643           1.0117   [          -3.3572           3.8139 ]
                         :        ncjets_m:        0.0046235           1.0022   [          -3.1577           5.7307 ]
                         :         lepDPhi:        0.0021259          0.99651   [          -3.3608           4.1486 ]
                         :       missingET:         0.020746          0.99886   [          -3.2997           5.7307 ]
                         :         bjetmDR:        -0.015040          0.99206   [          -3.1463           5.7307 ]
                         :       bjetmDEta:        0.0050825          0.98219   [          -3.3628           3.5160 ]
                         :       bjetmDPhi:         0.023051          0.97367   [          -3.2954           5.7307 ]
                         :     dibjetsMass:        -0.026549          0.97777   [          -3.2297           5.7307 ]
                         : bjetPt_dibjetsm:         0.021963          0.99213   [          -3.1574           5.7307 ]
                         :          cjetPt:       -0.0072087          0.99433   [          -3.0216           5.7307 ]
                         :          jet1pt:       -0.0018734          0.98615   [          -3.1342           3.6152 ]
                         :         jet1eta:        0.0073706          0.98555   [          -3.1194           3.5084 ]
                         :           jet1m:        -0.014006          0.99336   [          -3.1535           3.8677 ]
                         :         jet1csv:        0.0099056          0.97085   [          -3.0150           3.4408 ]
                         :        jet1cvsl:         0.016166          0.97759   [          -3.2061           3.3173 ]
                         :        jet1cvsb:        -0.012878          0.98793   [          -3.2107           5.7307 ]
                         :          jet2pt:        0.0010033          0.98514   [          -3.1670           3.4495 ]
                         :         jet2eta:       -0.0018830          0.99850   [          -3.1231           5.7307 ]
                         :           jet2m:         0.018512          0.97687   [          -3.1171           3.5864 ]
                         :         jet2csv:        0.0042528          0.97768   [          -3.0498           5.7307 ]
                         :        jet2cvsl:         0.025190          0.98619   [          -3.1051           5.7307 ]
                         :        jet2cvsb:        -0.021796           1.0040   [          -3.0728           4.1232 ]
                         :          jet3pt:       -0.0033619          0.97984   [          -3.1668           4.2912 ]
                         :         jet3eta:         0.013351          0.97585   [          -5.7307           3.6988 ]
                         :           jet3m:       0.00034792          0.98920   [          -3.1565           5.7307 ]
                         :         jet3csv:        0.0059936          0.98658   [          -3.1852           3.7828 ]
                         :        jet3cvsl:         0.024715          0.99829   [          -3.0945           5.7307 ]
                         :        jet3cvsb:        -0.011821          0.99809   [          -3.8459           5.7307 ]
                         :          jet4pt:       0.00084082          0.98721   [          -3.0293           5.7307 ]
                         :         jet4eta:        0.0033272          0.98145   [          -3.1392           4.1362 ]
                         :           jet4m:       -0.0053018          0.98279   [          -3.0155           5.7307 ]
                         :         jet4csv:         0.028693          0.99115   [          -3.1887           5.7307 ]
                         :        jet4cvsl:        0.0037647          0.99578   [          -5.7307           5.7307 ]
                         :        jet4cvsb:        -0.016668           1.0084   [          -5.7307           5.7307 ]
                         :        DRlepWpt:       -0.0039768          0.99194   [          -3.0359           5.7307 ]
                         :       DRlepWeta:       0.00077719          0.98382   [          -3.1569           3.7640 ]
                         :         DRlepWm:       -0.0041744           1.0022   [          -3.1970           3.5568 ]
                         :        DRjet0pt:        0.0075550          0.99170   [          -3.0563           4.0762 ]
                         :       DRjet0eta:         0.010890          0.99068   [          -3.2215           5.7307 ]
                         :         DRjet0m:        0.0078581          0.99556   [          -3.1567           3.2162 ]
                         :       DRjet0csv:        0.0069565          0.98160   [          -3.1316           5.7307 ]
                         :      DRjet0cvsl:       -0.0023218          0.99372   [          -3.5958           5.7307 ]
                         :      DRjet0cvsb:        -0.010254           1.0050   [          -3.2252           5.7307 ]
                         :        DRjet1pt:         0.011842          0.97710   [          -3.4107           5.7307 ]
                         :       DRjet1eta:        0.0096338          0.98399   [          -3.1413           3.6932 ]
                         :         DRjet1m:       -0.0086401          0.99751   [          -3.2843           5.7307 ]
                         :       DRjet1csv:       -0.0060615          0.97857   [          -5.7307           3.4240 ]
                         :      DRjet1cvsl:        0.0013825          0.98127   [          -3.0851           5.7307 ]
                         :      DRjet1cvsb:        -0.017901          0.98469   [          -3.1632           3.3153 ]
                         :        DRjet2pt:         0.014159          0.98434   [          -3.2118           3.5234 ]
                         :       DRjet2eta:       -0.0091220          0.98554   [          -3.3273           3.6176 ]
                         :         DRjet2m:        0.0063139          0.99122   [          -3.0255           3.4138 ]
                         :       DRjet2csv:         0.027541          0.99248   [          -3.0712           3.5071 ]
                         :      DRjet2cvsl:         0.018593          0.97443   [          -3.0930           3.3883 ]
                         :      DRjet2cvsb:        -0.041497          0.99054   [          -3.2737           5.7307 ]
                         :        DRjet3pt:       -0.0073027          0.97816   [          -3.1714           3.5899 ]
                         :       DRjet3eta:         0.010540          0.99523   [          -3.0698           4.2815 ]
                         :         DRjet3m:         0.026446          0.98627   [          -3.1008           3.9300 ]
                         :       DRjet3csv:         0.011434           1.0016   [          -3.1011           5.7307 ]
                         :      DRjet3cvsl:         0.049386           1.0083   [          -3.0964           3.5086 ]
                         :      DRjet3cvsb:       -0.0023816           1.0040   [          -3.3573           3.4318 ]
                         :       DRjet12pt:        0.0077064          0.98768   [          -3.2474           5.7307 ]
                         :      DRjet12eta:       0.00083250          0.98478   [          -3.1691           3.6332 ]
                         :        DRjet12m:      -0.00035673          0.98104   [          -3.5071           5.7307 ]
                         :       DRjet12DR:         0.011220           1.0009   [          -3.2693           3.4423 ]
                         :       DRjet23pt:        0.0026107          0.97433   [          -3.0394           3.3463 ]
                         :      DRjet23eta:       -0.0012850          0.98746   [          -3.1748           5.7307 ]
                         :        DRjet23m:        0.0046322          0.97905   [          -3.0985           5.7307 ]
                         :       DRjet31pt:        0.0041840          0.97800   [          -3.4194           5.7307 ]
                         :      DRjet31eta:        0.0024422          0.98293   [          -3.0313           5.7307 ]
                         :        DRjet31m:        -0.016084          0.97074   [          -3.3133           3.5284 ]
                         :        DRlepTpt:        0.0079558          0.98814   [          -3.2040           5.7307 ]
                         :       DRlepTeta:       0.00069967          0.98397   [          -3.1273           5.7307 ]
                         :         DRlepTm:       -0.0035987          0.99438   [          -3.3037           3.4823 ]
                         :        DRhadTpt:        0.0034901          0.98132   [          -5.7307           4.0405 ]
                         :       DRhadTeta:      -0.00080904          0.97531   [          -3.1921           3.8980 ]
                         :         DRhadTm:        -0.026799          0.98647   [          -3.0593           5.7307 ]
                         : ----------------------------------------------------------------------------------------------
PyKeras                  : [keras_Hct2v2] : Loop over test events and fill histograms with classifier response...
                         : 
TFHandler_PyKeras        :        Variable               Mean               RMS       [        Min               Max ]
                         : ----------------------------------------------------------------------------------------------
                         :           njets:       -0.0021707          0.98771   [          -3.1180           3.4833 ]
                         :        nbjets_m:        -0.021643           1.0117   [          -3.3572           3.8139 ]
                         :        ncjets_m:        0.0046235           1.0022   [          -3.1577           5.7307 ]
                         :         lepDPhi:        0.0021259          0.99651   [          -3.3608           4.1486 ]
                         :       missingET:         0.020746          0.99886   [          -3.2997           5.7307 ]
                         :         bjetmDR:        -0.015040          0.99206   [          -3.1463           5.7307 ]
                         :       bjetmDEta:        0.0050825          0.98219   [          -3.3628           3.5160 ]
                         :       bjetmDPhi:         0.023051          0.97367   [          -3.2954           5.7307 ]
                         :     dibjetsMass:        -0.026549          0.97777   [          -3.2297           5.7307 ]
                         : bjetPt_dibjetsm:         0.021963          0.99213   [          -3.1574           5.7307 ]
                         :          cjetPt:       -0.0072087          0.99433   [          -3.0216           5.7307 ]
                         :          jet1pt:       -0.0018734          0.98615   [          -3.1342           3.6152 ]
                         :         jet1eta:        0.0073706          0.98555   [          -3.1194           3.5084 ]
                         :           jet1m:        -0.014006          0.99336   [          -3.1535           3.8677 ]
                         :         jet1csv:        0.0099056          0.97085   [          -3.0150           3.4408 ]
                         :        jet1cvsl:         0.016166          0.97759   [          -3.2061           3.3173 ]
                         :        jet1cvsb:        -0.012878          0.98793   [          -3.2107           5.7307 ]
                         :          jet2pt:        0.0010033          0.98514   [          -3.1670           3.4495 ]
                         :         jet2eta:       -0.0018830          0.99850   [          -3.1231           5.7307 ]
                         :           jet2m:         0.018512          0.97687   [          -3.1171           3.5864 ]
                         :         jet2csv:        0.0042528          0.97768   [          -3.0498           5.7307 ]
                         :        jet2cvsl:         0.025190          0.98619   [          -3.1051           5.7307 ]
                         :        jet2cvsb:        -0.021796           1.0040   [          -3.0728           4.1232 ]
                         :          jet3pt:       -0.0033619          0.97984   [          -3.1668           4.2912 ]
                         :         jet3eta:         0.013351          0.97585   [          -5.7307           3.6988 ]
                         :           jet3m:       0.00034792          0.98920   [          -3.1565           5.7307 ]
                         :         jet3csv:        0.0059936          0.98658   [          -3.1852           3.7828 ]
                         :        jet3cvsl:         0.024715          0.99829   [          -3.0945           5.7307 ]
                         :        jet3cvsb:        -0.011821          0.99809   [          -3.8459           5.7307 ]
                         :          jet4pt:       0.00084082          0.98721   [          -3.0293           5.7307 ]
                         :         jet4eta:        0.0033272          0.98145   [          -3.1392           4.1362 ]
                         :           jet4m:       -0.0053018          0.98279   [          -3.0155           5.7307 ]
                         :         jet4csv:         0.028693          0.99115   [          -3.1887           5.7307 ]
                         :        jet4cvsl:        0.0037647          0.99578   [          -5.7307           5.7307 ]
                         :        jet4cvsb:        -0.016668           1.0084   [          -5.7307           5.7307 ]
                         :        DRlepWpt:       -0.0039768          0.99194   [          -3.0359           5.7307 ]
                         :       DRlepWeta:       0.00077719          0.98382   [          -3.1569           3.7640 ]
                         :         DRlepWm:       -0.0041744           1.0022   [          -3.1970           3.5568 ]
                         :        DRjet0pt:        0.0075550          0.99170   [          -3.0563           4.0762 ]
                         :       DRjet0eta:         0.010890          0.99068   [          -3.2215           5.7307 ]
                         :         DRjet0m:        0.0078581          0.99556   [          -3.1567           3.2162 ]
                         :       DRjet0csv:        0.0069565          0.98160   [          -3.1316           5.7307 ]
                         :      DRjet0cvsl:       -0.0023218          0.99372   [          -3.5958           5.7307 ]
                         :      DRjet0cvsb:        -0.010254           1.0050   [          -3.2252           5.7307 ]
                         :        DRjet1pt:         0.011842          0.97710   [          -3.4107           5.7307 ]
                         :       DRjet1eta:        0.0096338          0.98399   [          -3.1413           3.6932 ]
                         :         DRjet1m:       -0.0086401          0.99751   [          -3.2843           5.7307 ]
                         :       DRjet1csv:       -0.0060615          0.97857   [          -5.7307           3.4240 ]
                         :      DRjet1cvsl:        0.0013825          0.98127   [          -3.0851           5.7307 ]
                         :      DRjet1cvsb:        -0.017901          0.98469   [          -3.1632           3.3153 ]
                         :        DRjet2pt:         0.014159          0.98434   [          -3.2118           3.5234 ]
                         :       DRjet2eta:       -0.0091220          0.98554   [          -3.3273           3.6176 ]
                         :         DRjet2m:        0.0063139          0.99122   [          -3.0255           3.4138 ]
                         :       DRjet2csv:         0.027541          0.99248   [          -3.0712           3.5071 ]
                         :      DRjet2cvsl:         0.018593          0.97443   [          -3.0930           3.3883 ]
                         :      DRjet2cvsb:        -0.041497          0.99054   [          -3.2737           5.7307 ]
                         :        DRjet3pt:       -0.0073027          0.97816   [          -3.1714           3.5899 ]
                         :       DRjet3eta:         0.010540          0.99523   [          -3.0698           4.2815 ]
                         :         DRjet3m:         0.026446          0.98627   [          -3.1008           3.9300 ]
                         :       DRjet3csv:         0.011434           1.0016   [          -3.1011           5.7307 ]
                         :      DRjet3cvsl:         0.049386           1.0083   [          -3.0964           3.5086 ]
                         :      DRjet3cvsb:       -0.0023816           1.0040   [          -3.3573           3.4318 ]
                         :       DRjet12pt:        0.0077064          0.98768   [          -3.2474           5.7307 ]
                         :      DRjet12eta:       0.00083250          0.98478   [          -3.1691           3.6332 ]
                         :        DRjet12m:      -0.00035673          0.98104   [          -3.5071           5.7307 ]
                         :       DRjet12DR:         0.011220           1.0009   [          -3.2693           3.4423 ]
                         :       DRjet23pt:        0.0026107          0.97433   [          -3.0394           3.3463 ]
                         :      DRjet23eta:       -0.0012850          0.98746   [          -3.1748           5.7307 ]
                         :        DRjet23m:        0.0046322          0.97905   [          -3.0985           5.7307 ]
                         :       DRjet31pt:        0.0041840          0.97800   [          -3.4194           5.7307 ]
                         :      DRjet31eta:        0.0024422          0.98293   [          -3.0313           5.7307 ]
                         :        DRjet31m:        -0.016084          0.97074   [          -3.3133           3.5284 ]
                         :        DRlepTpt:        0.0079558          0.98814   [          -3.2040           5.7307 ]
                         :       DRlepTeta:       0.00069967          0.98397   [          -3.1273           5.7307 ]
                         :         DRlepTm:       -0.0035987          0.99438   [          -3.3037           3.4823 ]
                         :        DRhadTpt:        0.0034901          0.98132   [          -5.7307           4.0405 ]
                         :       DRhadTeta:      -0.00080904          0.97531   [          -3.1921           3.8980 ]
                         :         DRhadTm:        -0.026799          0.98647   [          -3.0593           5.7307 ]
                         : ----------------------------------------------------------------------------------------------
                         : 
                         : <PlotVariables> Will not produce scatter plots ==> 
                         : |  The number of 78 input variables and 0 target values would require 3003 two-dimensional
                         : |  histograms, which would occupy the computer's memory. Note that this
                         : |  suppression does not have any consequences for your analysis, other
                         : |  than not disposing of these scatter plots. You can modify the maximum
                         : |  number of input variables allowed to generate scatter plots in your
                         : |  script via the command line:
                         : |  "(TMVA::gConfig().GetVariablePlotting()).fMaxNumOfAllowedVariablesForScatterPlots = <some int>;"
                         : 
                         : Some more output
                         : 
                         : Evaluation results ranked by best signal efficiency and purity (area)
                         : -------------------------------------------------------------------------------------------------------------------
                         : DataSet       MVA                       
                         : Name:         Method:          ROC-integ
                         : keras_Hct2v2  BDT            : 0.749
                         : keras_Hct2v2  PyKeras        : 0.745
                         : -------------------------------------------------------------------------------------------------------------------
                         : 
                         : Testing efficiency compared to training efficiency (overtraining check)
                         : -------------------------------------------------------------------------------------------------------------------
                         : DataSet              MVA              Signal efficiency: from test sample (from training sample) 
                         : Name:                Method:          @B=0.01             @B=0.10            @B=0.30   
                         : -------------------------------------------------------------------------------------------------------------------
                         : keras_Hct2v2         BDT            : 0.127 (0.124)       0.402 (0.417)      0.653 (0.675)
                         : keras_Hct2v2         PyKeras        : 0.108 (0.125)       0.382 (0.414)      0.652 (0.678)
                         : -------------------------------------------------------------------------------------------------------------------
                         : 
Dataset:keras_Hct2v2     : Created tree 'TestTree' with 20000 events
                         : 
Dataset:keras_Hct2v2     : Created tree 'TrainTree' with 70000 events
